<?xml version="1.0" encoding="UTF-8"?>
<!-- Generated by org.testng.reporters.JUnitReportReporter -->
<testsuite skipped="0" hostname="md2aa09c" name="com.test.TestNgFeatures" tests="4" failures="0" timestamp="2021-04-14T01:10:43 IST" time="0.000" errors="0">
  <testcase name="loginTest" time="0.000" classname="com.test.TestNgFeatures"/>
  <system-out/>
  <testcase name="regPageTest" time="0.000" classname="com.test.TestNgFeatures"/>
  <system-out/>
  <testcase name="homePageTest" time="0.000" classname="com.test.TestNgFeatures"/>
  <system-out/>
  <testcase name="searchPageTest" time="0.000" classname="com.test.TestNgFeatures"/>
  <system-out/>
</testsuite> <!-- com.test.TestNgFeatures -->
