<?xml version="1.0" encoding="UTF-8"?>
<!-- Generated by org.testng.reporters.JUnitReportReporter -->
<testsuite skipped="0" hostname="md2aa09c" name="com.test.GoogleTitleTest" tests="2" failures="0" timestamp="2021-03-23T11:39:19 IST" time="13.403" errors="0">
  <testcase name="googleTitleTest" time="6.788" classname="com.test.GoogleTitleTest"/>
  <system-out/>
  <testcase name="googleLogoTest" time="6.615" classname="com.test.GoogleTitleTest"/>
  <system-out/>
</testsuite> <!-- com.test.GoogleTitleTest -->
