<?xml version="1.0" encoding="UTF-8"?>
<!-- Generated by org.testng.reporters.JUnitReportReporter -->
<testsuite skipped="0" hostname="md2aa09c" name="com.test.InvocationCountTest" tests="10" failures="0" timestamp="2021-03-23T11:39:19 IST" time="0.034" errors="0">
  <testcase name="sum" time="0.002" classname="com.test.InvocationCountTest"/>
  <system-out/>
  <testcase name="sum" time="0.003" classname="com.test.InvocationCountTest"/>
  <system-out/>
  <testcase name="sum" time="0.005" classname="com.test.InvocationCountTest"/>
  <system-out/>
  <testcase name="sum" time="0.003" classname="com.test.InvocationCountTest"/>
  <system-out/>
  <testcase name="sum" time="0.002" classname="com.test.InvocationCountTest"/>
  <system-out/>
  <testcase name="sum" time="0.004" classname="com.test.InvocationCountTest"/>
  <system-out/>
  <testcase name="sum" time="0.004" classname="com.test.InvocationCountTest"/>
  <system-out/>
  <testcase name="sum" time="0.004" classname="com.test.InvocationCountTest"/>
  <system-out/>
  <testcase name="sum" time="0.003" classname="com.test.InvocationCountTest"/>
  <system-out/>
  <testcase name="sum" time="0.004" classname="com.test.InvocationCountTest"/>
  <system-out/>
</testsuite> <!-- com.test.InvocationCountTest -->
