<?xml version="1.0" encoding="UTF-8"?>
<!-- Generated by org.testng.reporters.JUnitReportReporter -->
<testsuite skipped="0" hostname="md2aa09c" name="com.test.GoogleTest" tests="3" failures="0" timestamp="2021-04-12T23:54:02 IST" time="26.305" errors="0">
  <testcase name="googleLogoTest" time="7.010" classname="com.test.GoogleTest"/>
  <system-out/>
  <testcase name="googleTitleTest" time="7.187" classname="com.test.GoogleTest"/>
  <system-out/>
  <testcase name="mailLinkTest" time="12.108" classname="com.test.GoogleTest"/>
  <system-out/>
</testsuite> <!-- com.test.GoogleTest -->
