<?xml version="1.0" encoding="UTF-8"?>
<!-- Generated by org.testng.reporters.JUnitReportReporter -->
<testsuite skipped="0" hostname="md2aa09c" name="com.test.TestNgBasics" tests="3" failures="0" timestamp="2021-04-20T01:00:55 IST" time="0.000" errors="0">
  <testcase name="googleTitleTest" time="0.000" classname="com.test.TestNgBasics"/>
  <system-out/>
  <testcase name="searchTest" time="0.000" classname="com.test.TestNgBasics"/>
  <system-out/>
  <testcase name="googleLogoTest" time="0.000" classname="com.test.TestNgBasics"/>
  <system-out/>
</testsuite> <!-- com.test.TestNgBasics -->
